
**** Build of configuration Debug for project MovementTest ****

"C:\\ti\\ccs1230\\ccs\\utils\\bin\\gmake" -k -j 24 all -O 
 
Building file: "../IR.c"
Invoking: Arm Compiler
"C:/ti/ccs1230/ccs/tools/compiler/ti-cgt-arm_20.2.7.LTS/bin/armcl" -mv7M4 --code_state=16 --float_support=FPv4SPD16 -me --include_path="//IASTATE.EDU/Files/Users/jdschul5/Documents/godzillaHunter/MovementTest" --include_path="C:/ti/TivaWare_C_Series-2.2.0.295" --include_path="C:/ti/ccs1230/ccs/tools/compiler/ti-cgt-arm_20.2.7.LTS/include" --define=ccs="ccs" --define=PART_TM4C123GH6PM -g --gcc --diag_warning=225 --diag_wrap=off --display_error_number --abi=eabi --preproc_with_compile --preproc_dependency="IR.d_raw"  "../IR.c"
 
>> Compilation failure
subdir_rules.mk:9: recipe for target 'IR.obj' failed
\\IASTATE.EDU\Files\Users\jdschul5\Documents\godzillaHunter\MovementTest\Debug
CMD.EXE was started with the above path as the current directory.
UNC paths are not supported.  Defaulting to Windows directory.
\\IASTATE.EDU\Files\Users\jdschul5\Documents\godzillaHunter\MovementTest\Debug
CMD.EXE was started with the above path as the current directory.
UNC paths are not supported.  Defaulting to Windows directory.
"..\movement.h", line 13: fatal error #1965: cannot open source file "scan.h"
1 catastrophic error detected in the compilation of "../IR.c".
Compilation terminated.
gmake: *** [IR.obj] Error 1
Building file: "../movement.c"
Invoking: Arm Compiler
"C:/ti/ccs1230/ccs/tools/compiler/ti-cgt-arm_20.2.7.LTS/bin/armcl" -mv7M4 --code_state=16 --float_support=FPv4SPD16 -me --include_path="//IASTATE.EDU/Files/Users/jdschul5/Documents/godzillaHunter/MovementTest" --include_path="C:/ti/TivaWare_C_Series-2.2.0.295" --include_path="C:/ti/ccs1230/ccs/tools/compiler/ti-cgt-arm_20.2.7.LTS/include" --define=ccs="ccs" --define=PART_TM4C123GH6PM -g --gcc --diag_warning=225 --diag_wrap=off --display_error_number --abi=eabi --preproc_with_compile --preproc_dependency="movement.d_raw"  "../movement.c"
 
>> Compilation failure
subdir_rules.mk:9: recipe for target 'movement.obj' failed
\\IASTATE.EDU\Files\Users\jdschul5\Documents\godzillaHunter\MovementTest\Debug
CMD.EXE was started with the above path as the current directory.
UNC paths are not supported.  Defaulting to Windows directory.
\\IASTATE.EDU\Files\Users\jdschul5\Documents\godzillaHunter\MovementTest\Debug
CMD.EXE was started with the above path as the current directory.
UNC paths are not supported.  Defaulting to Windows directory.
"..\movement.h", line 13: fatal error #1965: cannot open source file "scan.h"
1 catastrophic error detected in the compilation of "../movement.c".
Compilation terminated.
gmake: *** [movement.obj] Error 1
gmake: Target 'all' not remade because of errors.

**** Build Finished ****
